<?xml version="1.0" encoding="UTF-8"?>
<testsuite xmlns:xsi="http://www.w3.org/2001/XMLSchema-instance" xsi:noNamespaceSchemaLocation="https://maven.apache.org/surefire/maven-surefire-plugin/xsd/surefire-test-report.xsd" name="TestSuite" time="33.189" tests="2" errors="0" skipped="0" failures="1">
  <properties>
    <property name="sun.desktop" value="windows"/>
    <property name="awt.toolkit" value="sun.awt.windows.WToolkit"/>
    <property name="file.encoding.pkg" value="sun.io"/>
    <property name="java.specification.version" value="1.8"/>
    <property name="sun.cpu.isalist" value="amd64"/>
    <property name="sun.jnu.encoding" value="Cp1251"/>
    <property name="java.class.path" value="D:\Projects\Maven\my-app\target\test-classes;D:\Projects\Maven\my-app\target\classes;C:\Users\Neort\.m2\repository\junit\junit\4.11\junit-4.11.jar;C:\Users\Neort\.m2\repository\org\hamcrest\hamcrest-core\1.3\hamcrest-core-1.3.jar;C:\Users\Neort\.m2\repository\org\testng\testng\6.14.3\testng-6.14.3.jar;C:\Users\Neort\.m2\repository\com\beust\jcommander\1.72\jcommander-1.72.jar;C:\Users\Neort\.m2\repository\org\apache-extras\beanshell\bsh\2.0b6\bsh-2.0b6.jar;C:\Users\Neort\.m2\repository\org\seleniumhq\selenium\selenium-java\4.0.0\selenium-java-4.0.0.jar;C:\Users\Neort\.m2\repository\org\seleniumhq\selenium\selenium-api\4.0.0\selenium-api-4.0.0.jar;C:\Users\Neort\.m2\repository\org\seleniumhq\selenium\selenium-chrome-driver\4.0.0\selenium-chrome-driver-4.0.0.jar;C:\Users\Neort\.m2\repository\com\google\auto\service\auto-service-annotations\1.0\auto-service-annotations-1.0.jar;C:\Users\Neort\.m2\repository\com\google\auto\service\auto-service\1.0\auto-service-1.0.jar;C:\Users\Neort\.m2\repository\com\google\auto\auto-common\1.0\auto-common-1.0.jar;C:\Users\Neort\.m2\repository\org\seleniumhq\selenium\selenium-chromium-driver\4.0.0\selenium-chromium-driver-4.0.0.jar;C:\Users\Neort\.m2\repository\org\seleniumhq\selenium\selenium-json\4.0.0\selenium-json-4.0.0.jar;C:\Users\Neort\.m2\repository\org\seleniumhq\selenium\selenium-devtools-v85\4.0.0\selenium-devtools-v85-4.0.0.jar;C:\Users\Neort\.m2\repository\org\seleniumhq\selenium\selenium-devtools-v93\4.0.0\selenium-devtools-v93-4.0.0.jar;C:\Users\Neort\.m2\repository\org\seleniumhq\selenium\selenium-devtools-v94\4.0.0\selenium-devtools-v94-4.0.0.jar;C:\Users\Neort\.m2\repository\org\seleniumhq\selenium\selenium-devtools-v95\4.0.0\selenium-devtools-v95-4.0.0.jar;C:\Users\Neort\.m2\repository\org\seleniumhq\selenium\selenium-edge-driver\4.0.0\selenium-edge-driver-4.0.0.jar;C:\Users\Neort\.m2\repository\org\seleniumhq\selenium\selenium-firefox-driver\4.0.0\selenium-firefox-driver-4.0.0.jar;C:\Users\Neort\.m2\repository\org\seleniumhq\selenium\selenium-firefox-xpi-driver\4.0.0\selenium-firefox-xpi-driver-4.0.0.jar;C:\Users\Neort\.m2\repository\org\seleniumhq\selenium\selenium-ie-driver\4.0.0\selenium-ie-driver-4.0.0.jar;C:\Users\Neort\.m2\repository\org\seleniumhq\selenium\selenium-opera-driver\4.0.0\selenium-opera-driver-4.0.0.jar;C:\Users\Neort\.m2\repository\org\seleniumhq\selenium\selenium-remote-driver\4.0.0\selenium-remote-driver-4.0.0.jar;C:\Users\Neort\.m2\repository\io\netty\netty-buffer\4.1.68.Final\netty-buffer-4.1.68.Final.jar;C:\Users\Neort\.m2\repository\io\netty\netty-codec-http\4.1.67.Final\netty-codec-http-4.1.67.Final.jar;C:\Users\Neort\.m2\repository\io\netty\netty-codec\4.1.67.Final\netty-codec-4.1.67.Final.jar;C:\Users\Neort\.m2\repository\io\netty\netty-handler\4.1.67.Final\netty-handler-4.1.67.Final.jar;C:\Users\Neort\.m2\repository\io\netty\netty-common\4.1.68.Final\netty-common-4.1.68.Final.jar;C:\Users\Neort\.m2\repository\io\netty\netty-transport-native-epoll\4.1.67.Final\netty-transport-native-epoll-4.1.67.Final.jar;C:\Users\Neort\.m2\repository\io\netty\netty-transport-native-kqueue\4.1.67.Final\netty-transport-native-kqueue-4.1.67.Final.jar;C:\Users\Neort\.m2\repository\io\netty\netty-transport-native-unix-common\4.1.67.Final\netty-transport-native-unix-common-4.1.67.Final.jar;C:\Users\Neort\.m2\repository\io\netty\netty-transport\4.1.68.Final\netty-transport-4.1.68.Final.jar;C:\Users\Neort\.m2\repository\io\netty\netty-resolver\4.1.68.Final\netty-resolver-4.1.68.Final.jar;C:\Users\Neort\.m2\repository\io\opentelemetry\opentelemetry-api\1.6.0\opentelemetry-api-1.6.0.jar;C:\Users\Neort\.m2\repository\io\opentelemetry\opentelemetry-context\1.6.0\opentelemetry-context-1.6.0.jar;C:\Users\Neort\.m2\repository\io\opentelemetry\opentelemetry-exporter-logging\1.6.0\opentelemetry-exporter-logging-1.6.0.jar;C:\Users\Neort\.m2\repository\io\opentelemetry\opentelemetry-sdk-metrics\1.6.0-alpha\opentelemetry-sdk-metrics-1.6.0-alpha.jar;C:\Users\Neort\.m2\repository\io\opentelemetry\opentelemetry-sdk-common\1.6.0\opentelemetry-sdk-common-1.6.0.jar;C:\Users\Neort\.m2\repository\io\opentelemetry\opentelemetry-sdk-extension-autoconfigure-spi\1.6.0\opentelemetry-sdk-extension-autoconfigure-spi-1.6.0.jar;C:\Users\Neort\.m2\repository\io\opentelemetry\opentelemetry-sdk-extension-autoconfigure\1.6.0-alpha\opentelemetry-sdk-extension-autoconfigure-1.6.0-alpha.jar;C:\Users\Neort\.m2\repository\io\opentelemetry\opentelemetry-sdk-trace\1.6.0\opentelemetry-sdk-trace-1.6.0.jar;C:\Users\Neort\.m2\repository\io\opentelemetry\opentelemetry-api-metrics\1.6.0-alpha\opentelemetry-api-metrics-1.6.0-alpha.jar;C:\Users\Neort\.m2\repository\io\opentelemetry\opentelemetry-sdk\1.6.0\opentelemetry-sdk-1.6.0.jar;C:\Users\Neort\.m2\repository\io\opentelemetry\opentelemetry-semconv\1.6.0-alpha\opentelemetry-semconv-1.6.0-alpha.jar;C:\Users\Neort\.m2\repository\io\ous\jtoml\2.0.0\jtoml-2.0.0.jar;C:\Users\Neort\.m2\repository\net\bytebuddy\byte-buddy\1.11.19\byte-buddy-1.11.19.jar;C:\Users\Neort\.m2\repository\org\apache\commons\commons-exec\1.3\commons-exec-1.3.jar;C:\Users\Neort\.m2\repository\org\asynchttpclient\async-http-client\2.12.3\async-http-client-2.12.3.jar;C:\Users\Neort\.m2\repository\org\asynchttpclient\async-http-client-netty-utils\2.12.3\async-http-client-netty-utils-2.12.3.jar;C:\Users\Neort\.m2\repository\io\netty\netty-codec-socks\4.1.60.Final\netty-codec-socks-4.1.60.Final.jar;C:\Users\Neort\.m2\repository\io\netty\netty-handler-proxy\4.1.60.Final\netty-handler-proxy-4.1.60.Final.jar;C:\Users\Neort\.m2\repository\io\netty\netty-transport-native-epoll\4.1.60.Final\netty-transport-native-epoll-4.1.60.Final-linux-x86_64.jar;C:\Users\Neort\.m2\repository\io\netty\netty-transport-native-kqueue\4.1.60.Final\netty-transport-native-kqueue-4.1.60.Final-osx-x86_64.jar;C:\Users\Neort\.m2\repository\org\reactivestreams\reactive-streams\1.0.3\reactive-streams-1.0.3.jar;C:\Users\Neort\.m2\repository\com\typesafe\netty\netty-reactive-streams\2.0.4\netty-reactive-streams-2.0.4.jar;C:\Users\Neort\.m2\repository\com\sun\activation\jakarta.activation\1.2.2\jakarta.activation-1.2.2.jar;C:\Users\Neort\.m2\repository\org\seleniumhq\selenium\selenium-http\4.0.0\selenium-http-4.0.0.jar;C:\Users\Neort\.m2\repository\org\seleniumhq\selenium\selenium-safari-driver\4.0.0\selenium-safari-driver-4.0.0.jar;C:\Users\Neort\.m2\repository\org\seleniumhq\selenium\selenium-support\4.0.0\selenium-support-4.0.0.jar;C:\Users\Neort\.m2\repository\io\github\bonigarcia\webdrivermanager\5.0.3\webdrivermanager-5.0.3.jar;C:\Users\Neort\.m2\repository\org\slf4j\slf4j-api\1.7.32\slf4j-api-1.7.32.jar;C:\Users\Neort\.m2\repository\com\google\code\gson\gson\2.8.8\gson-2.8.8.jar;C:\Users\Neort\.m2\repository\org\jsoup\jsoup\1.14.2\jsoup-1.14.2.jar;C:\Users\Neort\.m2\repository\com\github\docker-java\docker-java\3.2.12\docker-java-3.2.12.jar;C:\Users\Neort\.m2\repository\com\github\docker-java\docker-java-core\3.2.12\docker-java-core-3.2.12.jar;C:\Users\Neort\.m2\repository\com\github\docker-java\docker-java-api\3.2.12\docker-java-api-3.2.12.jar;C:\Users\Neort\.m2\repository\com\fasterxml\jackson\core\jackson-annotations\2.10.3\jackson-annotations-2.10.3.jar;C:\Users\Neort\.m2\repository\commons-io\commons-io\2.6\commons-io-2.6.jar;C:\Users\Neort\.m2\repository\org\apache\commons\commons-compress\1.21\commons-compress-1.21.jar;C:\Users\Neort\.m2\repository\commons-lang\commons-lang\2.6\commons-lang-2.6.jar;C:\Users\Neort\.m2\repository\com\fasterxml\jackson\core\jackson-databind\2.10.3\jackson-databind-2.10.3.jar;C:\Users\Neort\.m2\repository\com\fasterxml\jackson\core\jackson-core\2.10.3\jackson-core-2.10.3.jar;C:\Users\Neort\.m2\repository\org\bouncycastle\bcpkix-jdk15on\1.64\bcpkix-jdk15on-1.64.jar;C:\Users\Neort\.m2\repository\org\bouncycastle\bcprov-jdk15on\1.64\bcprov-jdk15on-1.64.jar;C:\Users\Neort\.m2\repository\org\slf4j\jcl-over-slf4j\1.7.30\jcl-over-slf4j-1.7.30.jar;C:\Users\Neort\.m2\repository\com\github\docker-java\docker-java-transport-httpclient5\3.2.12\docker-java-transport-httpclient5-3.2.12.jar;C:\Users\Neort\.m2\repository\com\github\docker-java\docker-java-transport\3.2.12\docker-java-transport-3.2.12.jar;C:\Users\Neort\.m2\repository\org\apache\httpcomponents\client5\httpclient5\5.0.3\httpclient5-5.0.3.jar;C:\Users\Neort\.m2\repository\org\apache\httpcomponents\core5\httpcore5\5.0.2\httpcore5-5.0.2.jar;C:\Users\Neort\.m2\repository\commons-codec\commons-codec\1.13\commons-codec-1.13.jar;C:\Users\Neort\.m2\repository\net\java\dev\jna\jna\5.8.0\jna-5.8.0.jar;C:\Users\Neort\.m2\repository\com\google\guava\guava\30.1.1-jre\guava-30.1.1-jre.jar;C:\Users\Neort\.m2\repository\com\google\guava\failureaccess\1.0.1\failureaccess-1.0.1.jar;C:\Users\Neort\.m2\repository\com\google\guava\listenablefuture\9999.0-empty-to-avoid-conflict-with-guava\listenablefuture-9999.0-empty-to-avoid-conflict-with-guava.jar;C:\Users\Neort\.m2\repository\com\google\code\findbugs\jsr305\3.0.2\jsr305-3.0.2.jar;C:\Users\Neort\.m2\repository\org\checkerframework\checker-qual\3.8.0\checker-qual-3.8.0.jar;C:\Users\Neort\.m2\repository\com\google\errorprone\error_prone_annotations\2.5.1\error_prone_annotations-2.5.1.jar;C:\Users\Neort\.m2\repository\com\google\j2objc\j2objc-annotations\1.3\j2objc-annotations-1.3.jar;C:\Users\Neort\.m2\repository\org\brotli\dec\0.1.2\dec-0.1.2.jar;C:\Users\Neort\.m2\repository\org\jetbrains\annotations-java5\23.0.0\annotations-java5-23.0.0.jar;C:\Users\Neort\.m2\repository\org\apache\logging\log4j\log4j-core\2.17.1\log4j-core-2.17.1.jar;C:\Users\Neort\.m2\repository\org\apache\logging\log4j\log4j-api\2.17.1\log4j-api-2.17.1.jar;"/>
    <property name="java.vm.vendor" value="Temurin"/>
    <property name="sun.arch.data.model" value="64"/>
    <property name="user.variant" value=""/>
    <property name="java.vendor.url" value="https://adoptium.net/"/>
    <property name="user.timezone" value="Europe/Minsk"/>
    <property name="suiteXmlFile" value="src\main\Resources\test-smoke.xml"/>
    <property name="java.vm.specification.version" value="1.8"/>
    <property name="os.name" value="Windows 10"/>
    <property name="user.country" value="RU"/>
    <property name="sun.java.launcher" value="SUN_STANDARD"/>
    <property name="sun.boot.library.path" value="C:\Program Files\Eclipse Foundation\jdk-8.0.302.8-hotspot\jre\bin"/>
    <property name="sun.java.command" value="C:\Users\Neort\AppData\Local\Temp\surefire327103466218674081\surefirebooter1068935161220144929.jar C:\Users\Neort\AppData\Local\Temp\surefire327103466218674081 2022-01-10T16-30-05_752-jvmRun1 surefire2662228046011354087tmp surefire_05229862164493802348tmp"/>
    <property name="surefire.test.class.path" value="D:\Projects\Maven\my-app\target\test-classes;D:\Projects\Maven\my-app\target\classes;C:\Users\Neort\.m2\repository\junit\junit\4.11\junit-4.11.jar;C:\Users\Neort\.m2\repository\org\hamcrest\hamcrest-core\1.3\hamcrest-core-1.3.jar;C:\Users\Neort\.m2\repository\org\testng\testng\6.14.3\testng-6.14.3.jar;C:\Users\Neort\.m2\repository\com\beust\jcommander\1.72\jcommander-1.72.jar;C:\Users\Neort\.m2\repository\org\apache-extras\beanshell\bsh\2.0b6\bsh-2.0b6.jar;C:\Users\Neort\.m2\repository\org\seleniumhq\selenium\selenium-java\4.0.0\selenium-java-4.0.0.jar;C:\Users\Neort\.m2\repository\org\seleniumhq\selenium\selenium-api\4.0.0\selenium-api-4.0.0.jar;C:\Users\Neort\.m2\repository\org\seleniumhq\selenium\selenium-chrome-driver\4.0.0\selenium-chrome-driver-4.0.0.jar;C:\Users\Neort\.m2\repository\com\google\auto\service\auto-service-annotations\1.0\auto-service-annotations-1.0.jar;C:\Users\Neort\.m2\repository\com\google\auto\service\auto-service\1.0\auto-service-1.0.jar;C:\Users\Neort\.m2\repository\com\google\auto\auto-common\1.0\auto-common-1.0.jar;C:\Users\Neort\.m2\repository\org\seleniumhq\selenium\selenium-chromium-driver\4.0.0\selenium-chromium-driver-4.0.0.jar;C:\Users\Neort\.m2\repository\org\seleniumhq\selenium\selenium-json\4.0.0\selenium-json-4.0.0.jar;C:\Users\Neort\.m2\repository\org\seleniumhq\selenium\selenium-devtools-v85\4.0.0\selenium-devtools-v85-4.0.0.jar;C:\Users\Neort\.m2\repository\org\seleniumhq\selenium\selenium-devtools-v93\4.0.0\selenium-devtools-v93-4.0.0.jar;C:\Users\Neort\.m2\repository\org\seleniumhq\selenium\selenium-devtools-v94\4.0.0\selenium-devtools-v94-4.0.0.jar;C:\Users\Neort\.m2\repository\org\seleniumhq\selenium\selenium-devtools-v95\4.0.0\selenium-devtools-v95-4.0.0.jar;C:\Users\Neort\.m2\repository\org\seleniumhq\selenium\selenium-edge-driver\4.0.0\selenium-edge-driver-4.0.0.jar;C:\Users\Neort\.m2\repository\org\seleniumhq\selenium\selenium-firefox-driver\4.0.0\selenium-firefox-driver-4.0.0.jar;C:\Users\Neort\.m2\repository\org\seleniumhq\selenium\selenium-firefox-xpi-driver\4.0.0\selenium-firefox-xpi-driver-4.0.0.jar;C:\Users\Neort\.m2\repository\org\seleniumhq\selenium\selenium-ie-driver\4.0.0\selenium-ie-driver-4.0.0.jar;C:\Users\Neort\.m2\repository\org\seleniumhq\selenium\selenium-opera-driver\4.0.0\selenium-opera-driver-4.0.0.jar;C:\Users\Neort\.m2\repository\org\seleniumhq\selenium\selenium-remote-driver\4.0.0\selenium-remote-driver-4.0.0.jar;C:\Users\Neort\.m2\repository\io\netty\netty-buffer\4.1.68.Final\netty-buffer-4.1.68.Final.jar;C:\Users\Neort\.m2\repository\io\netty\netty-codec-http\4.1.67.Final\netty-codec-http-4.1.67.Final.jar;C:\Users\Neort\.m2\repository\io\netty\netty-codec\4.1.67.Final\netty-codec-4.1.67.Final.jar;C:\Users\Neort\.m2\repository\io\netty\netty-handler\4.1.67.Final\netty-handler-4.1.67.Final.jar;C:\Users\Neort\.m2\repository\io\netty\netty-common\4.1.68.Final\netty-common-4.1.68.Final.jar;C:\Users\Neort\.m2\repository\io\netty\netty-transport-native-epoll\4.1.67.Final\netty-transport-native-epoll-4.1.67.Final.jar;C:\Users\Neort\.m2\repository\io\netty\netty-transport-native-kqueue\4.1.67.Final\netty-transport-native-kqueue-4.1.67.Final.jar;C:\Users\Neort\.m2\repository\io\netty\netty-transport-native-unix-common\4.1.67.Final\netty-transport-native-unix-common-4.1.67.Final.jar;C:\Users\Neort\.m2\repository\io\netty\netty-transport\4.1.68.Final\netty-transport-4.1.68.Final.jar;C:\Users\Neort\.m2\repository\io\netty\netty-resolver\4.1.68.Final\netty-resolver-4.1.68.Final.jar;C:\Users\Neort\.m2\repository\io\opentelemetry\opentelemetry-api\1.6.0\opentelemetry-api-1.6.0.jar;C:\Users\Neort\.m2\repository\io\opentelemetry\opentelemetry-context\1.6.0\opentelemetry-context-1.6.0.jar;C:\Users\Neort\.m2\repository\io\opentelemetry\opentelemetry-exporter-logging\1.6.0\opentelemetry-exporter-logging-1.6.0.jar;C:\Users\Neort\.m2\repository\io\opentelemetry\opentelemetry-sdk-metrics\1.6.0-alpha\opentelemetry-sdk-metrics-1.6.0-alpha.jar;C:\Users\Neort\.m2\repository\io\opentelemetry\opentelemetry-sdk-common\1.6.0\opentelemetry-sdk-common-1.6.0.jar;C:\Users\Neort\.m2\repository\io\opentelemetry\opentelemetry-sdk-extension-autoconfigure-spi\1.6.0\opentelemetry-sdk-extension-autoconfigure-spi-1.6.0.jar;C:\Users\Neort\.m2\repository\io\opentelemetry\opentelemetry-sdk-extension-autoconfigure\1.6.0-alpha\opentelemetry-sdk-extension-autoconfigure-1.6.0-alpha.jar;C:\Users\Neort\.m2\repository\io\opentelemetry\opentelemetry-sdk-trace\1.6.0\opentelemetry-sdk-trace-1.6.0.jar;C:\Users\Neort\.m2\repository\io\opentelemetry\opentelemetry-api-metrics\1.6.0-alpha\opentelemetry-api-metrics-1.6.0-alpha.jar;C:\Users\Neort\.m2\repository\io\opentelemetry\opentelemetry-sdk\1.6.0\opentelemetry-sdk-1.6.0.jar;C:\Users\Neort\.m2\repository\io\opentelemetry\opentelemetry-semconv\1.6.0-alpha\opentelemetry-semconv-1.6.0-alpha.jar;C:\Users\Neort\.m2\repository\io\ous\jtoml\2.0.0\jtoml-2.0.0.jar;C:\Users\Neort\.m2\repository\net\bytebuddy\byte-buddy\1.11.19\byte-buddy-1.11.19.jar;C:\Users\Neort\.m2\repository\org\apache\commons\commons-exec\1.3\commons-exec-1.3.jar;C:\Users\Neort\.m2\repository\org\asynchttpclient\async-http-client\2.12.3\async-http-client-2.12.3.jar;C:\Users\Neort\.m2\repository\org\asynchttpclient\async-http-client-netty-utils\2.12.3\async-http-client-netty-utils-2.12.3.jar;C:\Users\Neort\.m2\repository\io\netty\netty-codec-socks\4.1.60.Final\netty-codec-socks-4.1.60.Final.jar;C:\Users\Neort\.m2\repository\io\netty\netty-handler-proxy\4.1.60.Final\netty-handler-proxy-4.1.60.Final.jar;C:\Users\Neort\.m2\repository\io\netty\netty-transport-native-epoll\4.1.60.Final\netty-transport-native-epoll-4.1.60.Final-linux-x86_64.jar;C:\Users\Neort\.m2\repository\io\netty\netty-transport-native-kqueue\4.1.60.Final\netty-transport-native-kqueue-4.1.60.Final-osx-x86_64.jar;C:\Users\Neort\.m2\repository\org\reactivestreams\reactive-streams\1.0.3\reactive-streams-1.0.3.jar;C:\Users\Neort\.m2\repository\com\typesafe\netty\netty-reactive-streams\2.0.4\netty-reactive-streams-2.0.4.jar;C:\Users\Neort\.m2\repository\com\sun\activation\jakarta.activation\1.2.2\jakarta.activation-1.2.2.jar;C:\Users\Neort\.m2\repository\org\seleniumhq\selenium\selenium-http\4.0.0\selenium-http-4.0.0.jar;C:\Users\Neort\.m2\repository\org\seleniumhq\selenium\selenium-safari-driver\4.0.0\selenium-safari-driver-4.0.0.jar;C:\Users\Neort\.m2\repository\org\seleniumhq\selenium\selenium-support\4.0.0\selenium-support-4.0.0.jar;C:\Users\Neort\.m2\repository\io\github\bonigarcia\webdrivermanager\5.0.3\webdrivermanager-5.0.3.jar;C:\Users\Neort\.m2\repository\org\slf4j\slf4j-api\1.7.32\slf4j-api-1.7.32.jar;C:\Users\Neort\.m2\repository\com\google\code\gson\gson\2.8.8\gson-2.8.8.jar;C:\Users\Neort\.m2\repository\org\jsoup\jsoup\1.14.2\jsoup-1.14.2.jar;C:\Users\Neort\.m2\repository\com\github\docker-java\docker-java\3.2.12\docker-java-3.2.12.jar;C:\Users\Neort\.m2\repository\com\github\docker-java\docker-java-core\3.2.12\docker-java-core-3.2.12.jar;C:\Users\Neort\.m2\repository\com\github\docker-java\docker-java-api\3.2.12\docker-java-api-3.2.12.jar;C:\Users\Neort\.m2\repository\com\fasterxml\jackson\core\jackson-annotations\2.10.3\jackson-annotations-2.10.3.jar;C:\Users\Neort\.m2\repository\commons-io\commons-io\2.6\commons-io-2.6.jar;C:\Users\Neort\.m2\repository\org\apache\commons\commons-compress\1.21\commons-compress-1.21.jar;C:\Users\Neort\.m2\repository\commons-lang\commons-lang\2.6\commons-lang-2.6.jar;C:\Users\Neort\.m2\repository\com\fasterxml\jackson\core\jackson-databind\2.10.3\jackson-databind-2.10.3.jar;C:\Users\Neort\.m2\repository\com\fasterxml\jackson\core\jackson-core\2.10.3\jackson-core-2.10.3.jar;C:\Users\Neort\.m2\repository\org\bouncycastle\bcpkix-jdk15on\1.64\bcpkix-jdk15on-1.64.jar;C:\Users\Neort\.m2\repository\org\bouncycastle\bcprov-jdk15on\1.64\bcprov-jdk15on-1.64.jar;C:\Users\Neort\.m2\repository\org\slf4j\jcl-over-slf4j\1.7.30\jcl-over-slf4j-1.7.30.jar;C:\Users\Neort\.m2\repository\com\github\docker-java\docker-java-transport-httpclient5\3.2.12\docker-java-transport-httpclient5-3.2.12.jar;C:\Users\Neort\.m2\repository\com\github\docker-java\docker-java-transport\3.2.12\docker-java-transport-3.2.12.jar;C:\Users\Neort\.m2\repository\org\apache\httpcomponents\client5\httpclient5\5.0.3\httpclient5-5.0.3.jar;C:\Users\Neort\.m2\repository\org\apache\httpcomponents\core5\httpcore5\5.0.2\httpcore5-5.0.2.jar;C:\Users\Neort\.m2\repository\commons-codec\commons-codec\1.13\commons-codec-1.13.jar;C:\Users\Neort\.m2\repository\net\java\dev\jna\jna\5.8.0\jna-5.8.0.jar;C:\Users\Neort\.m2\repository\com\google\guava\guava\30.1.1-jre\guava-30.1.1-jre.jar;C:\Users\Neort\.m2\repository\com\google\guava\failureaccess\1.0.1\failureaccess-1.0.1.jar;C:\Users\Neort\.m2\repository\com\google\guava\listenablefuture\9999.0-empty-to-avoid-conflict-with-guava\listenablefuture-9999.0-empty-to-avoid-conflict-with-guava.jar;C:\Users\Neort\.m2\repository\com\google\code\findbugs\jsr305\3.0.2\jsr305-3.0.2.jar;C:\Users\Neort\.m2\repository\org\checkerframework\checker-qual\3.8.0\checker-qual-3.8.0.jar;C:\Users\Neort\.m2\repository\com\google\errorprone\error_prone_annotations\2.5.1\error_prone_annotations-2.5.1.jar;C:\Users\Neort\.m2\repository\com\google\j2objc\j2objc-annotations\1.3\j2objc-annotations-1.3.jar;C:\Users\Neort\.m2\repository\org\brotli\dec\0.1.2\dec-0.1.2.jar;C:\Users\Neort\.m2\repository\org\jetbrains\annotations-java5\23.0.0\annotations-java5-23.0.0.jar;C:\Users\Neort\.m2\repository\org\apache\logging\log4j\log4j-core\2.17.1\log4j-core-2.17.1.jar;C:\Users\Neort\.m2\repository\org\apache\logging\log4j\log4j-api\2.17.1\log4j-api-2.17.1.jar;"/>
    <property name="sun.cpu.endian" value="little"/>
    <property name="user.home" value="C:\Users\Neort"/>
    <property name="user.language" value="ru"/>
    <property name="java.specification.vendor" value="Oracle Corporation"/>
    <property name="java.home" value="C:\Program Files\Eclipse Foundation\jdk-8.0.302.8-hotspot\jre"/>
    <property name="basedir" value="D:\Projects\Maven\my-app"/>
    <property name="file.separator" value="\"/>
    <property name="line.separator" value="&#10;"/>
    <property name="java.vm.specification.vendor" value="Oracle Corporation"/>
    <property name="java.specification.name" value="Java Platform API Specification"/>
    <property name="java.awt.graphicsenv" value="sun.awt.Win32GraphicsEnvironment"/>
    <property name="surefire.real.class.path" value="C:\Users\Neort\AppData\Local\Temp\surefire327103466218674081\surefirebooter1068935161220144929.jar"/>
    <property name="sun.boot.class.path" value="C:\Program Files\Eclipse Foundation\jdk-8.0.302.8-hotspot\jre\lib\resources.jar;C:\Program Files\Eclipse Foundation\jdk-8.0.302.8-hotspot\jre\lib\rt.jar;C:\Program Files\Eclipse Foundation\jdk-8.0.302.8-hotspot\jre\lib\sunrsasign.jar;C:\Program Files\Eclipse Foundation\jdk-8.0.302.8-hotspot\jre\lib\jsse.jar;C:\Program Files\Eclipse Foundation\jdk-8.0.302.8-hotspot\jre\lib\jce.jar;C:\Program Files\Eclipse Foundation\jdk-8.0.302.8-hotspot\jre\lib\charsets.jar;C:\Program Files\Eclipse Foundation\jdk-8.0.302.8-hotspot\jre\lib\jfr.jar;C:\Program Files\Eclipse Foundation\jdk-8.0.302.8-hotspot\jre\classes"/>
    <property name="user.script" value=""/>
    <property name="sun.management.compiler" value="HotSpot 64-Bit Tiered Compilers"/>
    <property name="java.runtime.version" value="1.8.0_302-b08"/>
    <property name="user.name" value="Neort"/>
    <property name="path.separator" value=";"/>
    <property name="os.version" value="10.0"/>
    <property name="java.endorsed.dirs" value="C:\Program Files\Eclipse Foundation\jdk-8.0.302.8-hotspot\jre\lib\endorsed"/>
    <property name="java.runtime.name" value="OpenJDK Runtime Environment"/>
    <property name="file.encoding" value="Cp1251"/>
    <property name="browser" value="chrome"/>
    <property name="java.vm.name" value="OpenJDK 64-Bit Server VM"/>
    <property name="localRepository" value="C:\Users\Neort\.m2\repository"/>
    <property name="java.vendor.url.bug" value="https://github.com/adoptium/adoptium-support/issues"/>
    <property name="java.io.tmpdir" value="C:\Users\Neort\AppData\Local\Temp\"/>
    <property name="java.version" value="1.8.0_302"/>
    <property name="user.dir" value="D:\Projects\Maven\my-app"/>
    <property name="os.arch" value="amd64"/>
    <property name="java.vm.specification.name" value="Java Virtual Machine Specification"/>
    <property name="java.awt.printerjob" value="sun.awt.windows.WPrinterJob"/>
    <property name="sun.os.patch.level" value=""/>
    <property name="environment" value="dev"/>
    <property name="java.library.path" value="C:\Program Files\Eclipse Foundation\jdk-8.0.302.8-hotspot\jre\bin;C:\Windows\Sun\Java\bin;C:\Windows\system32;C:\Windows;C:\Program Files\Eclipse Foundation\jdk-8.0.302.8-hotspot\bin;C:\Windows\system32;C:\Windows;C:\Windows\System32\Wbem;C:\Windows\System32\WindowsPowerShell\v1.0\;C:\Windows\System32\OpenSSH\;C:\Program Files\NVIDIA Corporation\NVIDIA NvDLISR;C:\Program Files (x86)\NVIDIA Corporation\PhysX\Common;C:\apache-maven-3.8.2\bin;C:\Program Files\Eclipse Foundation\jdk-8.0.302.8-hotspot\bin;C:\Program Files\dotnet\;C:\Program Files\Git\cmd;D:\WebDrivers;C:\Users\Neort\AppData\Local\Microsoft\WindowsApps;C:\Users\Neort\AppData\Local\GitHubDesktop\bin;."/>
    <property name="java.vm.info" value="mixed mode"/>
    <property name="java.vendor" value="Temurin"/>
    <property name="java.vm.version" value="25.302-b08"/>
    <property name="java.ext.dirs" value="C:\Program Files\Eclipse Foundation\jdk-8.0.302.8-hotspot\jre\lib\ext;C:\Windows\Sun\Java\lib\ext"/>
    <property name="sun.io.unicode.encoding" value="UnicodeLittle"/>
    <property name="java.class.version" value="52.0"/>
  </properties>
  <testcase name="FillFormAndSendMail" classname="Framework.Test.FillFormAndSendMailTest" time="19.076">
    <failure message="Expected condition failed: waiting for element to be clickable: By.cssSelector: #select_option_215 (tried for 10 second(s) with 500 milliseconds interval)&#10;Build info: version: &apos;4.0.0&apos;, revision: &apos;3a21814679&apos;&#10;System info: host: &apos;DESKTOP-N69LPJK&apos;, ip: &apos;192.168.0.100&apos;, os.name: &apos;Windows 10&apos;, os.arch: &apos;amd64&apos;, os.version: &apos;10.0&apos;, java.version: &apos;1.8.0_302&apos;&#10;Driver info: org.openqa.selenium.chrome.ChromeDriver&#10;Capabilities {acceptInsecureCerts: false, browserName: chrome, browserVersion: 96.0.4664.110, chrome: {chromedriverVersion: 96.0.4664.45 (76e4c1bb2ab46..., userDataDir: C:\Users\Neort\AppData\Loca...}, goog:chromeOptions: {debuggerAddress: localhost:49584}, javascriptEnabled: true, networkConnectionEnabled: false, pageLoadStrategy: normal, platform: WINDOWS, platformName: WINDOWS, proxy: Proxy(), se:cdp: ws://localhost:49584/devtoo..., se:cdpVersion: 96.0.4664.110, setWindowRect: true, strictFileInteractability: false, timeouts: {implicit: 0, pageLoad: 300000, script: 30000}, unhandledPromptBehavior: dismiss and notify, webauthn:extension:credBlob: true, webauthn:extension:largeBlob: true, webauthn:virtualAuthenticators: true}&#10;Session ID: 75d5968c8c28dc0d56b28d67d3f16d99" type="org.openqa.selenium.TimeoutException">org.openqa.selenium.TimeoutException: 
Expected condition failed: waiting for element to be clickable: By.cssSelector: #select_option_215 (tried for 10 second(s) with 500 milliseconds interval)
Build info: version: '4.0.0', revision: '3a21814679'
System info: host: 'DESKTOP-N69LPJK', ip: '192.168.0.100', os.name: 'Windows 10', os.arch: 'amd64', os.version: '10.0', java.version: '1.8.0_302'
Driver info: org.openqa.selenium.chrome.ChromeDriver
Capabilities {acceptInsecureCerts: false, browserName: chrome, browserVersion: 96.0.4664.110, chrome: {chromedriverVersion: 96.0.4664.45 (76e4c1bb2ab46..., userDataDir: C:\Users\Neort\AppData\Loca...}, goog:chromeOptions: {debuggerAddress: localhost:49584}, javascriptEnabled: true, networkConnectionEnabled: false, pageLoadStrategy: normal, platform: WINDOWS, platformName: WINDOWS, proxy: Proxy(), se:cdp: ws://localhost:49584/devtoo..., se:cdpVersion: 96.0.4664.110, setWindowRect: true, strictFileInteractability: false, timeouts: {implicit: 0, pageLoad: 300000, script: 30000}, unhandledPromptBehavior: dismiss and notify, webauthn:extension:credBlob: true, webauthn:extension:largeBlob: true, webauthn:virtualAuthenticators: true}
Session ID: 75d5968c8c28dc0d56b28d67d3f16d99
	at Framework.Test.FillFormAndSendMailTest.FillFormAndSendMail(FillFormAndSendMailTest.java:34)
</failure>
    <system-out><![CDATA[2022-01-10 16:30:07,055 main ERROR Unrecognized format specifier []
2022-01-10 16:30:07,056 main ERROR Empty conversion specifier starting at position 20 in conversion pattern.
2022-01-10 16:30:07,065 main ERROR Unrecognized format specifier []
2022-01-10 16:30:07,065 main ERROR Empty conversion specifier starting at position 20 in conversion pattern.
2022-01-10 16:30:07,503 DEBUG logging.InternalLoggerFactory [main] %1 Using Log4J2 as the default logging framework
2022-01-10 16:30:07,511 DEBUG util.ResourceLeakDetector [main] %1 -Dio.netty.leakDetection.level: simple
2022-01-10 16:30:07,511 DEBUG util.ResourceLeakDetector [main] %1 -Dio.netty.leakDetection.targetRecords: 4
2022-01-10 16:30:07,515 DEBUG util.ResourceLeakDetectorFactory [main] %1 Loaded default ResourceLeakDetector: io.netty.util.ResourceLeakDetector@4b3ed2f0
2022-01-10 16:30:07,530 DEBUG internal.PlatformDependent0 [main] %1 -Dio.netty.noUnsafe: false
2022-01-10 16:30:07,530 DEBUG internal.PlatformDependent0 [main] %1 Java version: 8
2022-01-10 16:30:07,531 DEBUG internal.PlatformDependent0 [main] %1 sun.misc.Unsafe.theUnsafe: available
2022-01-10 16:30:07,532 DEBUG internal.PlatformDependent0 [main] %1 sun.misc.Unsafe.copyMemory: available
2022-01-10 16:30:07,532 DEBUG internal.PlatformDependent0 [main] %1 java.nio.Buffer.address: available
2022-01-10 16:30:07,533 DEBUG internal.PlatformDependent0 [main] %1 direct buffer constructor: available
2022-01-10 16:30:07,533 DEBUG internal.PlatformDependent0 [main] %1 java.nio.Bits.unaligned: available, true
2022-01-10 16:30:07,533 DEBUG internal.PlatformDependent0 [main] %1 jdk.internal.misc.Unsafe.allocateUninitializedArray(int): unavailable prior to Java9
2022-01-10 16:30:07,533 DEBUG internal.PlatformDependent0 [main] %1 java.nio.DirectByteBuffer.<init>(long, int): available
2022-01-10 16:30:07,534 DEBUG internal.PlatformDependent [main] %1 sun.misc.Unsafe: available
2022-01-10 16:30:07,534 DEBUG internal.PlatformDependent [main] %1 -Dio.netty.tmpdir: C:\Users\Neort\AppData\Local\Temp (java.io.tmpdir)
2022-01-10 16:30:07,534 DEBUG internal.PlatformDependent [main] %1 -Dio.netty.bitMode: 64 (sun.arch.data.model)
2022-01-10 16:30:07,535 DEBUG internal.PlatformDependent [main] %1 Platform: Windows
2022-01-10 16:30:07,535 DEBUG internal.PlatformDependent [main] %1 -Dio.netty.maxDirectMemory: 3806855168 bytes
2022-01-10 16:30:07,535 DEBUG internal.PlatformDependent [main] %1 -Dio.netty.uninitializedArrayAllocationThreshold: -1
2022-01-10 16:30:07,536 DEBUG internal.CleanerJava6 [main] %1 java.nio.ByteBuffer.cleaner(): available
2022-01-10 16:30:07,536 DEBUG internal.PlatformDependent [main] %1 -Dio.netty.noPreferDirect: false
2022-01-10 16:30:07,554 DEBUG internal.PlatformDependent [main] %1 org.jctools-core.MpscChunkedArrayQueue: available
2022-01-10 16:30:07,600 DEBUG internal.InternalThreadLocalMap [main] %1 -Dio.netty.threadLocalMap.stringBuilder.initialSize: 1024
2022-01-10 16:30:07,601 DEBUG internal.InternalThreadLocalMap [main] %1 -Dio.netty.threadLocalMap.stringBuilder.maxSize: 4096
2022-01-10 16:30:07,625 DEBUG ssl.JdkSslContext [main] %1 Default protocols (JDK): [TLSv1.2] 
2022-01-10 16:30:07,625 DEBUG ssl.JdkSslContext [main] %1 Default cipher suites (JDK): [TLS_ECDHE_ECDSA_WITH_AES_256_GCM_SHA384, TLS_ECDHE_ECDSA_WITH_AES_128_GCM_SHA256, TLS_ECDHE_RSA_WITH_AES_128_GCM_SHA256, TLS_ECDHE_RSA_WITH_AES_256_GCM_SHA384, TLS_ECDHE_RSA_WITH_AES_128_CBC_SHA, TLS_ECDHE_RSA_WITH_AES_256_CBC_SHA, TLS_RSA_WITH_AES_128_GCM_SHA256, TLS_RSA_WITH_AES_128_CBC_SHA, TLS_RSA_WITH_AES_256_CBC_SHA, TLS_AES_128_GCM_SHA256, TLS_AES_256_GCM_SHA384]
2022-01-10 16:30:07,650 DEBUG channel.MultithreadEventLoopGroup [main] %1 -Dio.netty.eventLoopThreads: 32
2022-01-10 16:30:07,659 DEBUG nio.NioEventLoop [main] %1 -Dio.netty.noKeySetOptimization: false
2022-01-10 16:30:07,659 DEBUG nio.NioEventLoop [main] %1 -Dio.netty.selectorAutoRebuildThreshold: 512
2022-01-10 16:30:07,668 TRACE nio.NioEventLoop [main] %1 instrumented a special java.util.Set into: sun.nio.ch.WindowsSelectorImpl@54d18072
2022-01-10 16:30:07,670 TRACE nio.NioEventLoop [main] %1 instrumented a special java.util.Set into: sun.nio.ch.WindowsSelectorImpl@424fd310
2022-01-10 16:30:07,670 TRACE nio.NioEventLoop [main] %1 instrumented a special java.util.Set into: sun.nio.ch.WindowsSelectorImpl@1a45193b
2022-01-10 16:30:07,671 TRACE nio.NioEventLoop [main] %1 instrumented a special java.util.Set into: sun.nio.ch.WindowsSelectorImpl@38f116f6
2022-01-10 16:30:07,671 TRACE nio.NioEventLoop [main] %1 instrumented a special java.util.Set into: sun.nio.ch.WindowsSelectorImpl@5286c33a
2022-01-10 16:30:07,672 TRACE nio.NioEventLoop [main] %1 instrumented a special java.util.Set into: sun.nio.ch.WindowsSelectorImpl@6e6d5d29
2022-01-10 16:30:07,673 TRACE nio.NioEventLoop [main] %1 instrumented a special java.util.Set into: sun.nio.ch.WindowsSelectorImpl@5c530d1e
2022-01-10 16:30:07,673 TRACE nio.NioEventLoop [main] %1 instrumented a special java.util.Set into: sun.nio.ch.WindowsSelectorImpl@6c25e6c4
2022-01-10 16:30:07,674 TRACE nio.NioEventLoop [main] %1 instrumented a special java.util.Set into: sun.nio.ch.WindowsSelectorImpl@85e6769
2022-01-10 16:30:07,674 TRACE nio.NioEventLoop [main] %1 instrumented a special java.util.Set into: sun.nio.ch.WindowsSelectorImpl@c5ee75e
2022-01-10 16:30:07,675 TRACE nio.NioEventLoop [main] %1 instrumented a special java.util.Set into: sun.nio.ch.WindowsSelectorImpl@48a12036
2022-01-10 16:30:07,675 TRACE nio.NioEventLoop [main] %1 instrumented a special java.util.Set into: sun.nio.ch.WindowsSelectorImpl@bf1ec20
2022-01-10 16:30:07,676 TRACE nio.NioEventLoop [main] %1 instrumented a special java.util.Set into: sun.nio.ch.WindowsSelectorImpl@70efb718
2022-01-10 16:30:07,677 TRACE nio.NioEventLoop [main] %1 instrumented a special java.util.Set into: sun.nio.ch.WindowsSelectorImpl@b70da4c
2022-01-10 16:30:07,677 TRACE nio.NioEventLoop [main] %1 instrumented a special java.util.Set into: sun.nio.ch.WindowsSelectorImpl@4a11eb84
2022-01-10 16:30:07,678 TRACE nio.NioEventLoop [main] %1 instrumented a special java.util.Set into: sun.nio.ch.WindowsSelectorImpl@4e858e0a
2022-01-10 16:30:07,679 TRACE nio.NioEventLoop [main] %1 instrumented a special java.util.Set into: sun.nio.ch.WindowsSelectorImpl@435fb7b5
2022-01-10 16:30:07,679 TRACE nio.NioEventLoop [main] %1 instrumented a special java.util.Set into: sun.nio.ch.WindowsSelectorImpl@4e70a728
2022-01-10 16:30:07,680 TRACE nio.NioEventLoop [main] %1 instrumented a special java.util.Set into: sun.nio.ch.WindowsSelectorImpl@b7838a9
2022-01-10 16:30:07,681 TRACE nio.NioEventLoop [main] %1 instrumented a special java.util.Set into: sun.nio.ch.WindowsSelectorImpl@696f0212
2022-01-10 16:30:07,681 TRACE nio.NioEventLoop [main] %1 instrumented a special java.util.Set into: sun.nio.ch.WindowsSelectorImpl@5733f295
2022-01-10 16:30:07,682 TRACE nio.NioEventLoop [main] %1 instrumented a special java.util.Set into: sun.nio.ch.WindowsSelectorImpl@1c3146bc
2022-01-10 16:30:07,683 TRACE nio.NioEventLoop [main] %1 instrumented a special java.util.Set into: sun.nio.ch.WindowsSelectorImpl@56c698e3
2022-01-10 16:30:07,684 TRACE nio.NioEventLoop [main] %1 instrumented a special java.util.Set into: sun.nio.ch.WindowsSelectorImpl@47a86fbb
2022-01-10 16:30:07,685 TRACE nio.NioEventLoop [main] %1 instrumented a special java.util.Set into: sun.nio.ch.WindowsSelectorImpl@f478a81
2022-01-10 16:30:07,685 TRACE nio.NioEventLoop [main] %1 instrumented a special java.util.Set into: sun.nio.ch.WindowsSelectorImpl@19553973
2022-01-10 16:30:07,686 TRACE nio.NioEventLoop [main] %1 instrumented a special java.util.Set into: sun.nio.ch.WindowsSelectorImpl@7bb6ab3a
2022-01-10 16:30:07,687 TRACE nio.NioEventLoop [main] %1 instrumented a special java.util.Set into: sun.nio.ch.WindowsSelectorImpl@7fe7c640
2022-01-10 16:30:07,687 TRACE nio.NioEventLoop [main] %1 instrumented a special java.util.Set into: sun.nio.ch.WindowsSelectorImpl@4c4748bf
2022-01-10 16:30:07,688 TRACE nio.NioEventLoop [main] %1 instrumented a special java.util.Set into: sun.nio.ch.WindowsSelectorImpl@7ce97ee5
2022-01-10 16:30:07,688 TRACE nio.NioEventLoop [main] %1 instrumented a special java.util.Set into: sun.nio.ch.WindowsSelectorImpl@32c8e539
2022-01-10 16:30:07,689 TRACE nio.NioEventLoop [main] %1 instrumented a special java.util.Set into: sun.nio.ch.WindowsSelectorImpl@73dce0e6
2022-01-10 16:30:07,710 DEBUG buffer.PooledByteBufAllocator [main] %1 -Dio.netty.allocator.numHeapArenas: 32
2022-01-10 16:30:07,710 DEBUG buffer.PooledByteBufAllocator [main] %1 -Dio.netty.allocator.numDirectArenas: 32
2022-01-10 16:30:07,711 DEBUG buffer.PooledByteBufAllocator [main] %1 -Dio.netty.allocator.pageSize: 8192
2022-01-10 16:30:07,711 DEBUG buffer.PooledByteBufAllocator [main] %1 -Dio.netty.allocator.maxOrder: 11
2022-01-10 16:30:07,711 DEBUG buffer.PooledByteBufAllocator [main] %1 -Dio.netty.allocator.chunkSize: 16777216
2022-01-10 16:30:07,711 DEBUG buffer.PooledByteBufAllocator [main] %1 -Dio.netty.allocator.smallCacheSize: 256
2022-01-10 16:30:07,711 DEBUG buffer.PooledByteBufAllocator [main] %1 -Dio.netty.allocator.normalCacheSize: 64
2022-01-10 16:30:07,711 DEBUG buffer.PooledByteBufAllocator [main] %1 -Dio.netty.allocator.maxCachedBufferCapacity: 32768
2022-01-10 16:30:07,711 DEBUG buffer.PooledByteBufAllocator [main] %1 -Dio.netty.allocator.cacheTrimInterval: 8192
2022-01-10 16:30:07,711 DEBUG buffer.PooledByteBufAllocator [main] %1 -Dio.netty.allocator.cacheTrimIntervalMillis: 0
2022-01-10 16:30:07,711 DEBUG buffer.PooledByteBufAllocator [main] %1 -Dio.netty.allocator.useCacheForAllThreads: true
2022-01-10 16:30:07,711 DEBUG buffer.PooledByteBufAllocator [main] %1 -Dio.netty.allocator.maxCachedByteBuffersPerChunk: 1023
2022-01-10 16:30:07,723 DEBUG buffer.ByteBufUtil [main] %1 -Dio.netty.allocator.type: pooled
2022-01-10 16:30:07,723 DEBUG buffer.ByteBufUtil [main] %1 -Dio.netty.threadLocalDirectBufferSize: 0
2022-01-10 16:30:07,723 DEBUG buffer.ByteBufUtil [main] %1 -Dio.netty.maxThreadLocalCharBufferSize: 16384
2022-01-10 16:30:08,506 DEBUG channel.DefaultChannelId [Forwarding newSession on session null to remote] %1 -Dio.netty.processId: 19864 (auto-detected)
2022-01-10 16:30:08,508 DEBUG util.NetUtil [Forwarding newSession on session null to remote] %1 -Djava.net.preferIPv4Stack: false
2022-01-10 16:30:08,508 DEBUG util.NetUtil [Forwarding newSession on session null to remote] %1 -Djava.net.preferIPv6Addresses: false
2022-01-10 16:30:08,578 DEBUG util.NetUtilInitializations [Forwarding newSession on session null to remote] %1 Loopback interface: lo (Software Loopback Interface 1, 127.0.0.1)
2022-01-10 16:30:08,579 DEBUG util.NetUtil [Forwarding newSession on session null to remote] %1 Failed to get SOMAXCONN from sysctl and file \proc\sys\net\core\somaxconn. Default: 200
2022-01-10 16:30:08,652 DEBUG channel.DefaultChannelId [Forwarding newSession on session null to remote] %1 -Dio.netty.machineId: 2c:f0:5d:ff:fe:5e:6a:fe (auto-detected)
2022-01-10 16:30:08,691 DEBUG buffer.AbstractByteBuf [AsyncHttpClient-1-2] %1 -Dio.netty.buffer.checkAccessible: true
2022-01-10 16:30:08,691 DEBUG buffer.AbstractByteBuf [AsyncHttpClient-1-2] %1 -Dio.netty.buffer.checkBounds: true
2022-01-10 16:30:08,692 DEBUG util.ResourceLeakDetectorFactory [AsyncHttpClient-1-2] %1 Loaded default ResourceLeakDetector: io.netty.util.ResourceLeakDetector@9add633
2022-01-10 16:30:08,718 DEBUG util.Recycler [AsyncHttpClient-1-2] %1 -Dio.netty.recycler.maxCapacityPerThread: 4096
2022-01-10 16:30:08,718 DEBUG util.Recycler [AsyncHttpClient-1-2] %1 -Dio.netty.recycler.maxSharedCapacityFactor: 2
2022-01-10 16:30:08,718 DEBUG util.Recycler [AsyncHttpClient-1-2] %1 -Dio.netty.recycler.linkCapacity: 16
2022-01-10 16:30:08,718 DEBUG util.Recycler [AsyncHttpClient-1-2] %1 -Dio.netty.recycler.ratio: 8
2022-01-10 16:30:08,718 DEBUG util.Recycler [AsyncHttpClient-1-2] %1 -Dio.netty.recycler.delayedQueue.ratio: 8
2022-01-10 16:30:09,303 DEBUG compression.Brotli [AsyncHttpClient-1-2] %1 brotli4j not in the classpath; Brotli support will be unavailable.
2022-01-10 16:30:09,424 DEBUG internal.ThreadLocalRandom [main] %1 -Dio.netty.initialSeedUniquifier: 0x46877d0777311a77
]]></system-out>
    <system-err><![CDATA[SLF4J: Failed to load class "org.slf4j.impl.StaticLoggerBinder".
SLF4J: Defaulting to no-operation (NOP) logger implementation
SLF4J: See http://www.slf4j.org/codes.html#StaticLoggerBinder for further details.
Starting ChromeDriver 96.0.4664.45 (76e4c1bb2ab4671b8beba3444e61c0f17584b2fc-refs/branch-heads/4664@{#947}) on port 61474
Only local connections are allowed.
Please see https://chromedriver.chromium.org/security-considerations for suggestions on keeping ChromeDriver safe.
ChromeDriver was started successfully.
янв 10, 2022 4:30:09 PM org.openqa.selenium.remote.ProtocolHandshake createSession
INFO: Detected dialect: W3C
янв 10, 2022 4:30:09 PM org.openqa.selenium.devtools.CdpVersionFinder findNearestMatch
WARNING: Unable to find an exact match for CDP version 96, so returning the closest version found: 95
янв 10, 2022 4:30:09 PM org.openqa.selenium.devtools.CdpVersionFinder findNearestMatch
INFO: Found CDP implementation for version 96 of 95
]]></system-err>
  </testcase>
  <testcase name="GetToPricingPage" classname="Framework.Test.GetToPricingPageTest" time="10.898"/>
</testsuite>