<?xml version="1.0" encoding="UTF-8"?>
<!-- Generated by org.testng.reporters.JUnitReportReporter -->
<testsuite skipped="0" hostname="DESKTOP-N69LPJK" name="Framework.Test.GetToPricingPageTest" tests="1" failures="0" timestamp="10 янв 2022 13:30:39 GMT" time="10.899" errors="0">
  <testcase name="GetToPricingPage" time="10.899" classname="Framework.Test.GetToPricingPageTest"/>
</testsuite> <!-- Framework.Test.GetToPricingPageTest -->
